  main.cpp
c:\users\amy\desktop\as03\as03_framework\as03_framework\openglframework-vs2017\openglframework-vs2017\main.cpp(62): warning C4305: 'argument': truncation from 'double' to 'float'
c:\users\amy\desktop\as03\as03_framework\as03_framework\openglframework-vs2017\openglframework-vs2017\main.cpp(71): warning C4305: 'argument': truncation from 'double' to 'float'
c:\users\amy\desktop\as03\as03_framework\as03_framework\openglframework-vs2017\openglframework-vs2017\main.cpp(73): warning C4305: 'initializing': truncation from 'double' to 'GLfloat'
c:\users\amy\desktop\as03\as03_framework\as03_framework\openglframework-vs2017\openglframework-vs2017\main.cpp(74): warning C4305: 'initializing': truncation from 'double' to 'GLfloat'
c:\users\amy\desktop\as03\as03_framework\as03_framework\openglframework-vs2017\openglframework-vs2017\main.cpp(75): warning C4305: 'initializing': truncation from 'double' to 'GLfloat'
c:\users\amy\desktop\as03\as03_framework\as03_framework\openglframework-vs2017\openglframework-vs2017\main.cpp(84): warning C4305: 'argument': truncation from 'double' to 'float'
c:\users\amy\desktop\as03\as03_framework\as03_framework\openglframework-vs2017\openglframework-vs2017\main.cpp(88): warning C4305: 'initializing': truncation from 'double' to 'GLfloat'
c:\users\amy\desktop\as03\as03_framework\as03_framework\openglframework-vs2017\openglframework-vs2017\main.cpp(89): warning C4305: 'initializing': truncation from 'double' to 'GLfloat'
c:\users\amy\desktop\as03\as03_framework\as03_framework\openglframework-vs2017\openglframework-vs2017\main.cpp(90): warning C4305: 'initializing': truncation from 'double' to 'GLfloat'
c:\users\amy\desktop\as03\as03_framework\as03_framework\openglframework-vs2017\openglframework-vs2017\main.cpp(398): warning C4244: 'argument': conversion from 'double' to 'float', possible loss of data
c:\users\amy\desktop\as03\as03_framework\as03_framework\openglframework-vs2017\openglframework-vs2017\main.cpp(539): warning C4244: '=': conversion from 'double' to 'GLfloat', possible loss of data
c:\users\amy\desktop\as03\as03_framework\as03_framework\openglframework-vs2017\openglframework-vs2017\main.cpp(540): warning C4244: '=': conversion from 'double' to 'GLfloat', possible loss of data
c:\users\amy\desktop\as03\as03_framework\as03_framework\openglframework-vs2017\openglframework-vs2017\main.cpp(569): warning C4267: '=': conversion from 'size_t' to 'int', possible loss of data
c:\users\amy\desktop\as03\as03_framework\as03_framework\openglframework-vs2017\openglframework-vs2017\main.cpp(681): warning C4244: '-=': conversion from 'double' to 'float', possible loss of data
c:\users\amy\desktop\as03\as03_framework\as03_framework\openglframework-vs2017\openglframework-vs2017\main.cpp(686): warning C4244: '+=': conversion from 'double' to 'float', possible loss of data
c:\users\amy\desktop\as03\as03_framework\as03_framework\openglframework-vs2017\openglframework-vs2017\main.cpp(691): warning C4244: '+=': conversion from 'double' to 'float', possible loss of data
c:\users\amy\desktop\as03\as03_framework\as03_framework\openglframework-vs2017\openglframework-vs2017\main.cpp(696): warning C4244: '+=': conversion from 'double' to 'float', possible loss of data
c:\users\amy\desktop\as03\as03_framework\as03_framework\openglframework-vs2017\openglframework-vs2017\main.cpp(699): warning C4244: '+=': conversion from 'double' to 'float', possible loss of data
c:\users\amy\desktop\as03\as03_framework\as03_framework\openglframework-vs2017\openglframework-vs2017\main.cpp(702): warning C4244: '+=': conversion from 'double' to 'float', possible loss of data
c:\users\amy\desktop\as03\as03_framework\as03_framework\openglframework-vs2017\openglframework-vs2017\main.cpp(707): warning C4305: 'argument': truncation from 'double' to 'float'
c:\users\amy\desktop\as03\as03_framework\as03_framework\openglframework-vs2017\openglframework-vs2017\main.cpp(707): warning C4244: 'argument': conversion from 'double' to 'const float', possible loss of data
c:\users\amy\desktop\as03\as03_framework\as03_framework\openglframework-vs2017\openglframework-vs2017\main.cpp(710): warning C4305: 'argument': truncation from 'double' to 'float'
c:\users\amy\desktop\as03\as03_framework\as03_framework\openglframework-vs2017\openglframework-vs2017\main.cpp(710): warning C4244: 'argument': conversion from 'double' to 'const float', possible loss of data
c:\users\amy\desktop\as03\as03_framework\as03_framework\openglframework-vs2017\openglframework-vs2017\main.cpp(713): warning C4244: '+=': conversion from 'double' to 'GLfloat', possible loss of data
c:\users\amy\desktop\as03\as03_framework\as03_framework\openglframework-vs2017\openglframework-vs2017\main.cpp(717): warning C4244: '+=': conversion from 'double' to 'float', possible loss of data
c:\users\amy\desktop\as03\as03_framework\as03_framework\openglframework-vs2017\openglframework-vs2017\main.cpp(743): warning C4244: 'initializing': conversion from 'int' to 'float', possible loss of data
c:\users\amy\desktop\as03\as03_framework\as03_framework\openglframework-vs2017\openglframework-vs2017\main.cpp(744): warning C4244: 'initializing': conversion from 'int' to 'float', possible loss of data
c:\users\amy\desktop\as03\as03_framework\as03_framework\openglframework-vs2017\openglframework-vs2017\main.cpp(750): warning C4244: '+=': conversion from 'double' to 'float', possible loss of data
c:\users\amy\desktop\as03\as03_framework\as03_framework\openglframework-vs2017\openglframework-vs2017\main.cpp(751): warning C4244: '+=': conversion from 'double' to 'float', possible loss of data
c:\users\amy\desktop\as03\as03_framework\as03_framework\openglframework-vs2017\openglframework-vs2017\main.cpp(756): warning C4244: '+=': conversion from 'double' to 'float', possible loss of data
c:\users\amy\desktop\as03\as03_framework\as03_framework\openglframework-vs2017\openglframework-vs2017\main.cpp(757): warning C4244: '-=': conversion from 'double' to 'float', possible loss of data
c:\users\amy\desktop\as03\as03_framework\as03_framework\openglframework-vs2017\openglframework-vs2017\main.cpp(762): warning C4244: '+=': conversion from 'double' to 'float', possible loss of data
c:\users\amy\desktop\as03\as03_framework\as03_framework\openglframework-vs2017\openglframework-vs2017\main.cpp(763): warning C4244: '+=': conversion from 'double' to 'float', possible loss of data
c:\users\amy\desktop\as03\as03_framework\as03_framework\openglframework-vs2017\openglframework-vs2017\main.cpp(768): warning C4244: '+=': conversion from 'double' to 'float', possible loss of data
c:\users\amy\desktop\as03\as03_framework\as03_framework\openglframework-vs2017\openglframework-vs2017\main.cpp(769): warning C4244: '+=': conversion from 'double' to 'float', possible loss of data
c:\users\amy\desktop\as03\as03_framework\as03_framework\openglframework-vs2017\openglframework-vs2017\main.cpp(772): warning C4244: '+=': conversion from 'double' to 'float', possible loss of data
c:\users\amy\desktop\as03\as03_framework\as03_framework\openglframework-vs2017\openglframework-vs2017\main.cpp(773): warning C4244: '+=': conversion from 'double' to 'float', possible loss of data
c:\users\amy\desktop\as03\as03_framework\as03_framework\openglframework-vs2017\openglframework-vs2017\main.cpp(776): warning C4244: '+=': conversion from 'double' to 'float', possible loss of data
c:\users\amy\desktop\as03\as03_framework\as03_framework\openglframework-vs2017\openglframework-vs2017\main.cpp(777): warning C4244: '+=': conversion from 'double' to 'float', possible loss of data
c:\users\amy\desktop\as03\as03_framework\as03_framework\openglframework-vs2017\openglframework-vs2017\main.cpp(782): warning C4244: '+=': conversion from 'double' to 'float', possible loss of data
c:\users\amy\desktop\as03\as03_framework\as03_framework\openglframework-vs2017\openglframework-vs2017\main.cpp(783): warning C4244: '-=': conversion from 'double' to 'float', possible loss of data
c:\users\amy\desktop\as03\as03_framework\as03_framework\openglframework-vs2017\openglframework-vs2017\main.cpp(786): warning C4244: '+=': conversion from 'double' to 'float', possible loss of data
c:\users\amy\desktop\as03\as03_framework\as03_framework\openglframework-vs2017\openglframework-vs2017\main.cpp(787): warning C4244: '-=': conversion from 'double' to 'float', possible loss of data
c:\users\amy\desktop\as03\as03_framework\as03_framework\openglframework-vs2017\openglframework-vs2017\main.cpp(790): warning C4244: '+=': conversion from 'double' to 'float', possible loss of data
c:\users\amy\desktop\as03\as03_framework\as03_framework\openglframework-vs2017\openglframework-vs2017\main.cpp(791): warning C4244: '-=': conversion from 'double' to 'float', possible loss of data
c:\users\amy\desktop\as03\as03_framework\as03_framework\openglframework-vs2017\openglframework-vs2017\main.cpp(1069): warning C4267: '=': conversion from 'size_t' to 'int', possible loss of data
c:\users\amy\desktop\as03\as03_framework\as03_framework\openglframework-vs2017\openglframework-vs2017\main.cpp(1135): warning C4477: 'printf' : format string '%d' requires an argument of type 'int', but variadic argument 1 has type 'unsigned __int64'
  c:\users\amy\desktop\as03\as03_framework\as03_framework\openglframework-vs2017\openglframework-vs2017\main.cpp(1135): note: consider using '%zd' in the format string
c:\users\amy\desktop\as03\as03_framework\as03_framework\openglframework-vs2017\openglframework-vs2017\main.cpp(1135): warning C4477: 'printf' : format string '%d' requires an argument of type 'int', but variadic argument 2 has type 'unsigned __int64'
  c:\users\amy\desktop\as03\as03_framework\as03_framework\openglframework-vs2017\openglframework-vs2017\main.cpp(1135): note: consider using '%zd' in the format string
c:\users\amy\desktop\as03\as03_framework\as03_framework\openglframework-vs2017\openglframework-vs2017\main.cpp(1185): warning C4305: '=': truncation from 'double' to 'GLfloat'
c:\users\amy\desktop\as03\as03_framework\as03_framework\openglframework-vs2017\openglframework-vs2017\main.cpp(1197): warning C4305: 'argument': truncation from 'double' to 'float'
c:\users\amy\desktop\as03\as03_framework\as03_framework\openglframework-vs2017\openglframework-vs2017\main.cpp(1203): warning C4305: 'argument': truncation from 'double' to 'float'
c:\users\amy\desktop\as03\as03_framework\as03_framework\openglframework-vs2017\openglframework-vs2017\main.cpp(1205): warning C4305: '=': truncation from 'double' to 'GLfloat'
c:\users\amy\desktop\as03\as03_framework\as03_framework\openglframework-vs2017\openglframework-vs2017\main.cpp(1206): warning C4305: '=': truncation from 'double' to 'GLfloat'
c:\users\amy\desktop\as03\as03_framework\as03_framework\openglframework-vs2017\openglframework-vs2017\main.cpp(1207): warning C4305: '=': truncation from 'double' to 'GLfloat'
c:\users\amy\desktop\as03\as03_framework\as03_framework\openglframework-vs2017\openglframework-vs2017\main.cpp(1212): warning C4305: 'argument': truncation from 'double' to 'float'
c:\users\amy\desktop\as03\as03_framework\as03_framework\openglframework-vs2017\openglframework-vs2017\main.cpp(1216): warning C4305: '=': truncation from 'double' to 'GLfloat'
c:\users\amy\desktop\as03\as03_framework\as03_framework\openglframework-vs2017\openglframework-vs2017\main.cpp(1217): warning C4305: '=': truncation from 'double' to 'GLfloat'
c:\users\amy\desktop\as03\as03_framework\as03_framework\openglframework-vs2017\openglframework-vs2017\main.cpp(1218): warning C4305: '=': truncation from 'double' to 'GLfloat'
c:\users\amy\desktop\as03\as03_framework\as03_framework\openglframework-vs2017\openglframework-vs2017\main.cpp(1283): warning C4305: 'argument': truncation from 'double' to 'GLfloat'
  OpenGLFramework-VS2017.vcxproj -> C:\Users\Amy\Desktop\AS03\AS03_Framework\AS03_Framework\OpenGLFramework-VS2017\x64\Debug\OpenGLFramework-VS2017.exe
